[debug] [2023-05-05T11:34:20.881Z] ----------------------------------------------------------------------
[debug] [2023-05-05T11:34:20.885Z] Command:       C:\Program Files\nodejs\node.exe C:\Users\NUMBER ONE\AppData\Roaming\npm\node_modules\firebase-tools\lib\bin\firebase.js init
[debug] [2023-05-05T11:34:20.886Z] CLI Version:   11.30.0
[debug] [2023-05-05T11:34:20.887Z] Platform:      win32
[debug] [2023-05-05T11:34:20.887Z] Node Version:  v18.15.0
[debug] [2023-05-05T11:34:20.889Z] Time:          Fri May 05 2023 13:34:20 GMT+0200 (Eastern European Standard Time)
[debug] [2023-05-05T11:34:20.890Z] ----------------------------------------------------------------------
[debug] 
[debug] [2023-05-05T11:34:20.946Z] >>> [apiv2][query] GET https://firebase-public.firebaseio.com/cli.json [none]
[debug] [2023-05-05T11:34:21.325Z] > command requires scopes: ["email","openid","https://www.googleapis.com/auth/cloudplatformprojects.readonly","https://www.googleapis.com/auth/firebase","https://www.googleapis.com/auth/cloud-platform"]
[debug] [2023-05-05T11:34:21.327Z] > authorizing via signed-in user (ahmedmanaour990@gmail.com)
[info] 
     ######## #### ########  ######## ########     ###     ######  ########
     ##        ##  ##     ## ##       ##     ##  ##   ##  ##       ##
     ######    ##  ########  ######   ########  #########  ######  ######
     ##        ##  ##    ##  ##       ##     ## ##     ##       ## ##
     ##       #### ##     ## ######## ########  ##     ##  ######  ########

You're about to initialize a Firebase project in this directory:

  C:\Users\NUMBER ONE\Desktop\New folder\firebase

Before we get started, keep in mind:

  * You are initializing within an existing Firebase project directory

[debug] [2023-05-05T11:34:20.881Z] ----------------------------------------------------------------------
[debug] [2023-05-05T11:34:20.884Z] Command:       C:\Program Files\nodejs\node.exe C:\Users\NUMBER ONE\AppData\Roaming\npm\node_modules\firebase-tools\lib\bin\firebase.js init
[debug] [2023-05-05T11:34:20.885Z] CLI Version:   11.30.0
[debug] [2023-05-05T11:34:20.886Z] Platform:      win32
[debug] [2023-05-05T11:34:20.886Z] Node Version:  v18.15.0
[debug] [2023-05-05T11:34:20.888Z] Time:          Fri May 05 2023 13:34:20 GMT+0200 (Eastern European Standard Time)
[debug] [2023-05-05T11:34:20.889Z] ----------------------------------------------------------------------
[debug] 
[debug] [2023-05-05T11:34:20.946Z] >>> [apiv2][query] GET https://firebase-public.firebaseio.com/cli.json [none]
[debug] [2023-05-05T11:34:21.329Z] > command requires scopes: ["email","openid","https://www.googleapis.com/auth/cloudplatformprojects.readonly","https://www.googleapis.com/auth/firebase","https://www.googleapis.com/auth/cloud-platform"]
[debug] [2023-05-05T11:34:21.330Z] > authorizing via signed-in user (ahmedmanaour990@gmail.com)
[info] 
     ######## #### ########  ######## ########     ###     ######  ########
     ##        ##  ##     ## ##       ##     ##  ##   ##  ##       ##
     ######    ##  ########  ######   ########  #########  ######  ######
     ##        ##  ##    ##  ##       ##     ## ##     ##       ## ##
     ##       #### ##     ## ######## ########  ##     ##  ######  ########

You're about to initialize a Firebase project in this directory:

  C:\Users\NUMBER ONE\Desktop\New folder\firebase

Before we get started, keep in mind:

  * You are initializing within an existing Firebase project directory

[debug] [2023-05-05T11:34:22.296Z] <<< [apiv2][status] GET https://firebase-public.firebaseio.com/cli.json 200
[debug] [2023-05-05T11:34:22.352Z] <<< [apiv2][status] GET https://firebase-public.firebaseio.com/cli.json 200
[debug] [2023-05-05T11:34:22.297Z] <<< [apiv2][body] GET https://firebase-public.firebaseio.com/cli.json {"cloudBuildErrorAfter":1594252800000,"cloudBuildWarnAfter":1590019200000,"defaultNode10After":1594252800000,"minVersion":"3.0.5","node8DeploysDisabledAfter":1613390400000,"node8RuntimeDisabledAfter":1615809600000,"node8WarnAfter":1600128000000}
[debug] [2023-05-05T11:34:22.352Z] <<< [apiv2][body] GET https://firebase-public.firebaseio.com/cli.json {"cloudBuildErrorAfter":1594252800000,"cloudBuildWarnAfter":1590019200000,"defaultNode10After":1594252800000,"minVersion":"3.0.5","node8DeploysDisabledAfter":1613390400000,"node8RuntimeDisabledAfter":1615809600000,"node8WarnAfter":1600128000000}
